<?xml version="1.0" encoding="UTF-8"?>
<!-- Generated by org.testng.reporters.JUnitXMLReporter -->
<testsuite ignored="0" hostname="DESKTOP-K2Q9J16" failures="1" tests="1" name="Test" time="2.898" errors="0" timestamp="2025-02-08T22:16:52 IST">
  <testcase classname="com.selenium.tests.EndToEndTest" name="endToEndTest" time="1.791">
    <failure type="java.lang.AssertionError">
      <![CDATA[java.lang.AssertionError
at com.selenium.tests.EndToEndTest.endToEndTest(EndToEndTest.java:26)
at java.base/java.util.ArrayList.forEach(ArrayList.java:1511)
... Removed 27 stack frames]]>
    </failure>
  </testcase> <!-- endToEndTest -->
</testsuite> <!-- Test -->
